app/build/intermediates/manifest_merge_blame_file/debug/manifest-merger-blame-debug-report.txt
1<?xml version="1.0" encoding="utf-8"?>
2<manifest xmlns:android="http://schemas.android.com/apk/res/android"
3    package="com.google.firebase.example.fireeats"
4    android:versionCode="1"
5    android:versionName="1.0" >
6
7    <uses-sdk
8        android:minSdkVersion="16"
8-->src/main/AndroidManifest.xml
9        android:targetSdkVersion="30" />
9-->src/main/AndroidManifest.xml
10
11    <uses-permission android:name="android.permission.ACCESS_NETWORK_STATE" />
11-->[com.firebaseui:firebase-ui-auth:8.0.0] AndroidManifest.xml:10:5-79
11-->[com.firebaseui:firebase-ui-auth:8.0.0] AndroidManifest.xml:10:22-76
12    <uses-permission android:name="android.permission.INTERNET" />
12-->[com.firebaseui:firebase-ui-auth:8.0.0] AndroidManifest.xml:11:5-67
12-->[com.firebaseui:firebase-ui-auth:8.0.0] AndroidManifest.xml:11:22-64
13
14    <application
14-->src/main/AndroidManifest.xml:5:5-21:19
15        android:name="androidx.multidex.MultiDexApplication"
15-->src/main/AndroidManifest.xml:6:9-61
16        android:allowBackup="true"
16-->src/main/AndroidManifest.xml:7:9-35
17        android:appComponentFactory="androidx.core.app.CoreComponentFactory"
17-->[androidx.core:core:1.5.0] AndroidManifest.xml:24:18-86
18        android:debuggable="true"
19        android:icon="@mipmap/ic_launcher"
19-->src/main/AndroidManifest.xml:9:9-43
20        android:label="@string/app_name"
20-->src/main/AndroidManifest.xml:10:9-41
21        android:networkSecurityConfig="@xml/network_security_config"
21-->src/main/AndroidManifest.xml:8:9-69
22        android:supportsRtl="true"
22-->src/main/AndroidManifest.xml:11:9-35
23        android:testOnly="true"
24        android:theme="@style/AppTheme" >
24-->src/main/AndroidManifest.xml:12:9-40
25        <activity android:name="com.google.firebase.example.fireeats.MainActivity" >
25-->src/main/AndroidManifest.xml:13:9-19:20
25-->src/main/AndroidManifest.xml:13:19-47
26            <intent-filter>
26-->src/main/AndroidManifest.xml:14:13-18:29
27                <action android:name="android.intent.action.MAIN" />
27-->src/main/AndroidManifest.xml:15:17-69
27-->src/main/AndroidManifest.xml:15:25-66
28
29                <category android:name="android.intent.category.LAUNCHER" />
29-->src/main/AndroidManifest.xml:17:17-77
29-->src/main/AndroidManifest.xml:17:27-74
30            </intent-filter>
31        </activity>
32        <activity android:name="com.google.firebase.example.fireeats.RestaurantDetailActivity" />
32-->src/main/AndroidManifest.xml:20:9-62
32-->src/main/AndroidManifest.xml:20:19-59
33
34        <meta-data
34-->[com.firebaseui:firebase-ui-auth:8.0.0] AndroidManifest.xml:14:9-16:69
35            android:name="com.google.android.gms.version"
35-->[com.firebaseui:firebase-ui-auth:8.0.0] AndroidManifest.xml:15:13-58
36            android:value="@integer/google_play_services_version" />
36-->[com.firebaseui:firebase-ui-auth:8.0.0] AndroidManifest.xml:16:13-66
37        <meta-data
37-->[com.firebaseui:firebase-ui-auth:8.0.0] AndroidManifest.xml:17:9-19:63
38            android:name="com.facebook.sdk.ApplicationId"
38-->[com.firebaseui:firebase-ui-auth:8.0.0] AndroidManifest.xml:18:13-58
39            android:value="@string/facebook_application_id" />
39-->[com.firebaseui:firebase-ui-auth:8.0.0] AndroidManifest.xml:19:13-60
40
41        <activity
41-->[com.firebaseui:firebase-ui-auth:8.0.0] AndroidManifest.xml:21:9-25:61
42            android:name="com.firebase.ui.auth.KickoffActivity"
42-->[com.firebaseui:firebase-ui-auth:8.0.0] AndroidManifest.xml:22:13-64
43            android:exported="false"
43-->[com.firebaseui:firebase-ui-auth:8.0.0] AndroidManifest.xml:23:13-37
44            android:label=""
44-->[com.firebaseui:firebase-ui-auth:8.0.0] AndroidManifest.xml:24:13-29
45            android:theme="@style/FirebaseUI.Transparent" />
45-->[com.firebaseui:firebase-ui-auth:8.0.0] AndroidManifest.xml:25:13-58
46        <activity
46-->[com.firebaseui:firebase-ui-auth:8.0.0] AndroidManifest.xml:26:9-30:61
47            android:name="com.firebase.ui.auth.ui.idp.SingleSignInActivity"
47-->[com.firebaseui:firebase-ui-auth:8.0.0] AndroidManifest.xml:27:13-76
48            android:exported="false"
48-->[com.firebaseui:firebase-ui-auth:8.0.0] AndroidManifest.xml:28:13-37
49            android:label=""
49-->[com.firebaseui:firebase-ui-auth:8.0.0] AndroidManifest.xml:29:13-29
50            android:theme="@style/FirebaseUI.Transparent" />
50-->[com.firebaseui:firebase-ui-auth:8.0.0] AndroidManifest.xml:30:13-58
51        <activity
51-->[com.firebaseui:firebase-ui-auth:8.0.0] AndroidManifest.xml:31:9-35:61
52            android:name="com.firebase.ui.auth.ui.credentials.CredentialSaveActivity"
52-->[com.firebaseui:firebase-ui-auth:8.0.0] AndroidManifest.xml:32:13-86
53            android:exported="false"
53-->[com.firebaseui:firebase-ui-auth:8.0.0] AndroidManifest.xml:33:13-37
54            android:label=""
54-->[com.firebaseui:firebase-ui-auth:8.0.0] AndroidManifest.xml:34:13-29
55            android:theme="@style/FirebaseUI.Transparent" />
55-->[com.firebaseui:firebase-ui-auth:8.0.0] AndroidManifest.xml:35:13-58
56        <activity
56-->[com.firebaseui:firebase-ui-auth:8.0.0] AndroidManifest.xml:36:9-40:58
57            android:name="com.firebase.ui.auth.ui.email.RecoverPasswordActivity"
57-->[com.firebaseui:firebase-ui-auth:8.0.0] AndroidManifest.xml:37:13-81
58            android:exported="false"
58-->[com.firebaseui:firebase-ui-auth:8.0.0] AndroidManifest.xml:38:13-37
59            android:label="@string/fui_title_recover_password_activity"
59-->[com.firebaseui:firebase-ui-auth:8.0.0] AndroidManifest.xml:39:13-72
60            android:windowSoftInputMode="adjustResize" />
60-->[com.firebaseui:firebase-ui-auth:8.0.0] AndroidManifest.xml:40:13-55
61        <activity
61-->[com.firebaseui:firebase-ui-auth:8.0.0] AndroidManifest.xml:41:9-45:58
62            android:name="com.firebase.ui.auth.ui.email.EmailActivity"
62-->[com.firebaseui:firebase-ui-auth:8.0.0] AndroidManifest.xml:42:13-71
63            android:exported="false"
63-->[com.firebaseui:firebase-ui-auth:8.0.0] AndroidManifest.xml:43:13-37
64            android:label="@string/fui_sign_in_default"
64-->[com.firebaseui:firebase-ui-auth:8.0.0] AndroidManifest.xml:44:13-56
65            android:windowSoftInputMode="adjustResize" />
65-->[com.firebaseui:firebase-ui-auth:8.0.0] AndroidManifest.xml:45:13-55
66        <activity
66-->[com.firebaseui:firebase-ui-auth:8.0.0] AndroidManifest.xml:46:9-50:77
67            android:name="com.firebase.ui.auth.ui.phone.PhoneActivity"
67-->[com.firebaseui:firebase-ui-auth:8.0.0] AndroidManifest.xml:47:13-71
68            android:exported="false"
68-->[com.firebaseui:firebase-ui-auth:8.0.0] AndroidManifest.xml:48:13-37
69            android:label="@string/fui_sign_in_with_phone_number"
69-->[com.firebaseui:firebase-ui-auth:8.0.0] AndroidManifest.xml:49:13-66
70            android:windowSoftInputMode="adjustResize|stateAlwaysVisible" />
70-->[com.firebaseui:firebase-ui-auth:8.0.0] AndroidManifest.xml:50:13-74
71        <activity
71-->[com.firebaseui:firebase-ui-auth:8.0.0] AndroidManifest.xml:51:9-55:58
72            android:name="com.firebase.ui.auth.ui.idp.WelcomeBackIdpPrompt"
72-->[com.firebaseui:firebase-ui-auth:8.0.0] AndroidManifest.xml:52:13-76
73            android:exported="false"
73-->[com.firebaseui:firebase-ui-auth:8.0.0] AndroidManifest.xml:53:13-37
74            android:label="@string/fui_title_welcome_back_idp_prompt"
74-->[com.firebaseui:firebase-ui-auth:8.0.0] AndroidManifest.xml:54:13-70
75            android:windowSoftInputMode="adjustResize" />
75-->[com.firebaseui:firebase-ui-auth:8.0.0] AndroidManifest.xml:55:13-55
76        <activity
76-->[com.firebaseui:firebase-ui-auth:8.0.0] AndroidManifest.xml:56:9-60:58
77            android:name="com.firebase.ui.auth.ui.email.WelcomeBackPasswordPrompt"
77-->[com.firebaseui:firebase-ui-auth:8.0.0] AndroidManifest.xml:57:13-83
78            android:exported="false"
78-->[com.firebaseui:firebase-ui-auth:8.0.0] AndroidManifest.xml:58:13-37
79            android:label="@string/fui_title_welcome_back_password_prompt"
79-->[com.firebaseui:firebase-ui-auth:8.0.0] AndroidManifest.xml:59:13-75
80            android:windowSoftInputMode="adjustResize" />
80-->[com.firebaseui:firebase-ui-auth:8.0.0] AndroidManifest.xml:60:13-55
81        <activity
81-->[com.firebaseui:firebase-ui-auth:8.0.0] AndroidManifest.xml:61:9-65:58
82            android:name="com.firebase.ui.auth.ui.email.WelcomeBackEmailLinkPrompt"
82-->[com.firebaseui:firebase-ui-auth:8.0.0] AndroidManifest.xml:62:13-84
83            android:exported="false"
83-->[com.firebaseui:firebase-ui-auth:8.0.0] AndroidManifest.xml:63:13-37
84            android:label="@string/fui_title_welcome_back_password_prompt"
84-->[com.firebaseui:firebase-ui-auth:8.0.0] AndroidManifest.xml:64:13-75
85            android:windowSoftInputMode="adjustResize" />
85-->[com.firebaseui:firebase-ui-auth:8.0.0] AndroidManifest.xml:65:13-55
86        <activity
86-->[com.firebaseui:firebase-ui-auth:8.0.0] AndroidManifest.xml:66:9-71:58
87            android:name="com.firebase.ui.auth.ui.email.EmailLinkCatcherActivity"
87-->[com.firebaseui:firebase-ui-auth:8.0.0] AndroidManifest.xml:67:13-82
88            android:exported="false"
88-->[com.firebaseui:firebase-ui-auth:8.0.0] AndroidManifest.xml:68:13-37
89            android:label=""
89-->[com.firebaseui:firebase-ui-auth:8.0.0] AndroidManifest.xml:69:13-29
90            android:theme="@style/FirebaseUI.Transparent"
90-->[com.firebaseui:firebase-ui-auth:8.0.0] AndroidManifest.xml:70:13-58
91            android:windowSoftInputMode="adjustResize" />
91-->[com.firebaseui:firebase-ui-auth:8.0.0] AndroidManifest.xml:71:13-55
92        <activity
92-->[com.firebaseui:firebase-ui-auth:8.0.0] AndroidManifest.xml:72:9-76:58
93            android:name="com.firebase.ui.auth.ui.email.EmailLinkErrorRecoveryActivity"
93-->[com.firebaseui:firebase-ui-auth:8.0.0] AndroidManifest.xml:73:13-88
94            android:exported="false"
94-->[com.firebaseui:firebase-ui-auth:8.0.0] AndroidManifest.xml:74:13-37
95            android:label="@string/fui_sign_in_default"
95-->[com.firebaseui:firebase-ui-auth:8.0.0] AndroidManifest.xml:75:13-56
96            android:windowSoftInputMode="adjustResize" />
96-->[com.firebaseui:firebase-ui-auth:8.0.0] AndroidManifest.xml:76:13-55
97        <activity
97-->[com.firebaseui:firebase-ui-auth:8.0.0] AndroidManifest.xml:77:9-80:65
98            android:name="com.firebase.ui.auth.ui.idp.AuthMethodPickerActivity"
98-->[com.firebaseui:firebase-ui-auth:8.0.0] AndroidManifest.xml:78:13-80
99            android:exported="false"
99-->[com.firebaseui:firebase-ui-auth:8.0.0] AndroidManifest.xml:79:13-37
100            android:label="@string/fui_default_toolbar_title" />
100-->[com.firebaseui:firebase-ui-auth:8.0.0] AndroidManifest.xml:80:13-62
101        <activity
101-->[com.firebaseui:firebase-ui-auth:8.0.0] AndroidManifest.xml:81:9-85:48
102            android:name="com.facebook.FacebookActivity"
102-->[com.firebaseui:firebase-ui-auth:8.0.0] AndroidManifest.xml:82:13-57
103            android:configChanges="keyboard|keyboardHidden|screenLayout|screenSize|orientation"
103-->[com.firebaseui:firebase-ui-auth:8.0.0] AndroidManifest.xml:83:13-96
104            android:label="@string/app_name" />
104-->[com.firebaseui:firebase-ui-auth:8.0.0] AndroidManifest.xml:84:13-45
105        <activity
105-->[com.firebaseui:firebase-ui-auth:8.0.0] AndroidManifest.xml:86:9-98:20
106            android:name="com.facebook.CustomTabActivity"
106-->[com.firebaseui:firebase-ui-auth:8.0.0] AndroidManifest.xml:87:13-58
107            android:exported="true" >
107-->[com.firebaseui:firebase-ui-auth:8.0.0] AndroidManifest.xml:88:13-36
108            <intent-filter>
108-->[com.firebaseui:firebase-ui-auth:8.0.0] AndroidManifest.xml:90:13-97:29
109                <action android:name="android.intent.action.VIEW" />
109-->[com.firebaseui:firebase-ui-auth:8.0.0] AndroidManifest.xml:91:17-69
109-->[com.firebaseui:firebase-ui-auth:8.0.0] AndroidManifest.xml:91:25-66
110
111                <category android:name="android.intent.category.DEFAULT" />
111-->[com.firebaseui:firebase-ui-auth:8.0.0] AndroidManifest.xml:93:17-76
111-->[com.firebaseui:firebase-ui-auth:8.0.0] AndroidManifest.xml:93:27-73
112                <category android:name="android.intent.category.BROWSABLE" />
112-->[com.firebaseui:firebase-ui-auth:8.0.0] AndroidManifest.xml:94:17-78
112-->[com.firebaseui:firebase-ui-auth:8.0.0] AndroidManifest.xml:94:27-75
113
114                <data android:scheme="@string/facebook_login_protocol_scheme" />
114-->[com.firebaseui:firebase-ui-auth:8.0.0] AndroidManifest.xml:96:17-81
114-->[com.firebaseui:firebase-ui-auth:8.0.0] AndroidManifest.xml:96:23-78
115            </intent-filter>
116        </activity>
117
118        <provider
118-->[com.firebaseui:firebase-ui-auth:8.0.0] AndroidManifest.xml:100:9-104:38
119            android:name="com.firebase.ui.auth.data.client.AuthUiInitProvider"
119-->[com.firebaseui:firebase-ui-auth:8.0.0] AndroidManifest.xml:101:13-79
120            android:authorities="com.google.firebase.example.fireeats.authuiinitprovider"
120-->[com.firebaseui:firebase-ui-auth:8.0.0] AndroidManifest.xml:102:13-70
121            android:exported="false"
121-->[com.firebaseui:firebase-ui-auth:8.0.0] AndroidManifest.xml:103:13-37
122            android:initOrder="90" />
122-->[com.firebaseui:firebase-ui-auth:8.0.0] AndroidManifest.xml:104:13-35
123
124        <service
124-->[com.google.firebase:firebase-firestore:23.0.3] AndroidManifest.xml:17:9-23:19
125            android:name="com.google.firebase.components.ComponentDiscoveryService"
125-->[com.google.firebase:firebase-firestore:23.0.3] AndroidManifest.xml:18:13-84
126            android:directBootAware="true"
126-->[com.google.firebase:firebase-common:20.0.0] AndroidManifest.xml:35:13-43
127            android:exported="false" >
127-->[com.google.firebase:firebase-firestore:23.0.3] AndroidManifest.xml:19:13-37
128            <meta-data
128-->[com.google.firebase:firebase-firestore:23.0.3] AndroidManifest.xml:20:13-22:85
129                android:name="com.google.firebase.components:com.google.firebase.firestore.FirestoreRegistrar"
129-->[com.google.firebase:firebase-firestore:23.0.3] AndroidManifest.xml:21:17-111
130                android:value="com.google.firebase.components.ComponentRegistrar" />
130-->[com.google.firebase:firebase-firestore:23.0.3] AndroidManifest.xml:22:17-82
131            <meta-data
131-->[com.google.firebase:firebase-auth:21.0.1] AndroidManifest.xml:77:13-79:85
132                android:name="com.google.firebase.components:com.google.firebase.auth.FirebaseAuthRegistrar"
132-->[com.google.firebase:firebase-auth:21.0.1] AndroidManifest.xml:78:17-109
133                android:value="com.google.firebase.components.ComponentRegistrar" />
133-->[com.google.firebase:firebase-auth:21.0.1] AndroidManifest.xml:79:17-82
134        </service>
135
136        <activity
136-->[com.google.firebase:firebase-auth:21.0.1] AndroidManifest.xml:27:9-44:20
137            android:name="com.google.firebase.auth.internal.GenericIdpActivity"
137-->[com.google.firebase:firebase-auth:21.0.1] AndroidManifest.xml:28:13-80
138            android:excludeFromRecents="true"
138-->[com.google.firebase:firebase-auth:21.0.1] AndroidManifest.xml:29:13-46
139            android:exported="true"
139-->[com.google.firebase:firebase-auth:21.0.1] AndroidManifest.xml:30:13-36
140            android:launchMode="singleTask"
140-->[com.google.firebase:firebase-auth:21.0.1] AndroidManifest.xml:31:13-44
141            android:theme="@android:style/Theme.Translucent.NoTitleBar" >
141-->[com.google.firebase:firebase-auth:21.0.1] AndroidManifest.xml:32:13-72
142            <intent-filter>
142-->[com.google.firebase:firebase-auth:21.0.1] AndroidManifest.xml:33:13-43:29
143                <action android:name="android.intent.action.VIEW" />
143-->[com.firebaseui:firebase-ui-auth:8.0.0] AndroidManifest.xml:91:17-69
143-->[com.firebaseui:firebase-ui-auth:8.0.0] AndroidManifest.xml:91:25-66
144
145                <category android:name="android.intent.category.DEFAULT" />
145-->[com.firebaseui:firebase-ui-auth:8.0.0] AndroidManifest.xml:93:17-76
145-->[com.firebaseui:firebase-ui-auth:8.0.0] AndroidManifest.xml:93:27-73
146                <category android:name="android.intent.category.BROWSABLE" />
146-->[com.firebaseui:firebase-ui-auth:8.0.0] AndroidManifest.xml:94:17-78
146-->[com.firebaseui:firebase-ui-auth:8.0.0] AndroidManifest.xml:94:27-75
147
148                <data
148-->[com.firebaseui:firebase-ui-auth:8.0.0] AndroidManifest.xml:96:17-81
149                    android:host="firebase.auth"
150                    android:path="/"
151                    android:scheme="genericidp" />
151-->[com.firebaseui:firebase-ui-auth:8.0.0] AndroidManifest.xml:96:23-78
152            </intent-filter>
153        </activity>
154        <activity
154-->[com.google.firebase:firebase-auth:21.0.1] AndroidManifest.xml:45:9-62:20
155            android:name="com.google.firebase.auth.internal.RecaptchaActivity"
155-->[com.google.firebase:firebase-auth:21.0.1] AndroidManifest.xml:46:13-79
156            android:excludeFromRecents="true"
156-->[com.google.firebase:firebase-auth:21.0.1] AndroidManifest.xml:47:13-46
157            android:exported="true"
157-->[com.google.firebase:firebase-auth:21.0.1] AndroidManifest.xml:48:13-36
158            android:launchMode="singleTask"
158-->[com.google.firebase:firebase-auth:21.0.1] AndroidManifest.xml:49:13-44
159            android:theme="@android:style/Theme.Translucent.NoTitleBar" >
159-->[com.google.firebase:firebase-auth:21.0.1] AndroidManifest.xml:50:13-72
160            <intent-filter>
160-->[com.google.firebase:firebase-auth:21.0.1] AndroidManifest.xml:51:13-61:29
161                <action android:name="android.intent.action.VIEW" />
161-->[com.firebaseui:firebase-ui-auth:8.0.0] AndroidManifest.xml:91:17-69
161-->[com.firebaseui:firebase-ui-auth:8.0.0] AndroidManifest.xml:91:25-66
162
163                <category android:name="android.intent.category.DEFAULT" />
163-->[com.firebaseui:firebase-ui-auth:8.0.0] AndroidManifest.xml:93:17-76
163-->[com.firebaseui:firebase-ui-auth:8.0.0] AndroidManifest.xml:93:27-73
164                <category android:name="android.intent.category.BROWSABLE" />
164-->[com.firebaseui:firebase-ui-auth:8.0.0] AndroidManifest.xml:94:17-78
164-->[com.firebaseui:firebase-ui-auth:8.0.0] AndroidManifest.xml:94:27-75
165
166                <data
166-->[com.firebaseui:firebase-ui-auth:8.0.0] AndroidManifest.xml:96:17-81
167                    android:host="firebase.auth"
168                    android:path="/"
169                    android:scheme="recaptcha" />
169-->[com.firebaseui:firebase-ui-auth:8.0.0] AndroidManifest.xml:96:23-78
170            </intent-filter>
171        </activity>
172
173        <service
173-->[com.google.firebase:firebase-auth:21.0.1] AndroidManifest.xml:64:9-73:19
174            android:name="com.google.firebase.auth.api.fallback.service.FirebaseAuthFallbackService"
174-->[com.google.firebase:firebase-auth:21.0.1] AndroidManifest.xml:65:13-101
175            android:enabled="true"
175-->[com.google.firebase:firebase-auth:21.0.1] AndroidManifest.xml:66:13-35
176            android:exported="false" >
176-->[com.google.firebase:firebase-auth:21.0.1] AndroidManifest.xml:67:13-37
177            <intent-filter>
177-->[com.google.firebase:firebase-auth:21.0.1] AndroidManifest.xml:68:13-72:29
178                <action android:name="com.google.firebase.auth.api.gms.service.START" />
178-->[com.google.firebase:firebase-auth:21.0.1] AndroidManifest.xml:69:17-89
178-->[com.google.firebase:firebase-auth:21.0.1] AndroidManifest.xml:69:25-86
179
180                <category android:name="android.intent.category.DEFAULT" />
180-->[com.firebaseui:firebase-ui-auth:8.0.0] AndroidManifest.xml:93:17-76
180-->[com.firebaseui:firebase-ui-auth:8.0.0] AndroidManifest.xml:93:27-73
181            </intent-filter>
182        </service>
183
184        <activity
184-->[com.google.android.gms:play-services-auth:19.2.0] AndroidManifest.xml:23:9-27:75
185            android:name="com.google.android.gms.auth.api.signin.internal.SignInHubActivity"
185-->[com.google.android.gms:play-services-auth:19.2.0] AndroidManifest.xml:24:13-93
186            android:excludeFromRecents="true"
186-->[com.google.android.gms:play-services-auth:19.2.0] AndroidManifest.xml:25:13-46
187            android:exported="false"
187-->[com.google.android.gms:play-services-auth:19.2.0] AndroidManifest.xml:26:13-37
188            android:theme="@android:style/Theme.Translucent.NoTitleBar" />
188-->[com.google.android.gms:play-services-auth:19.2.0] AndroidManifest.xml:27:13-72
189        <!--
190            Service handling Google Sign-In user revocation. For apps that do not integrate with
191            Google Sign-In, this service will never be started.
192        -->
193        <service
193-->[com.google.android.gms:play-services-auth:19.2.0] AndroidManifest.xml:33:9-37:51
194            android:name="com.google.android.gms.auth.api.signin.RevocationBoundService"
194-->[com.google.android.gms:play-services-auth:19.2.0] AndroidManifest.xml:34:13-89
195            android:exported="true"
195-->[com.google.android.gms:play-services-auth:19.2.0] AndroidManifest.xml:35:13-36
196            android:permission="com.google.android.gms.auth.api.signin.permission.REVOCATION_NOTIFICATION"
196-->[com.google.android.gms:play-services-auth:19.2.0] AndroidManifest.xml:36:13-107
197            android:visibleToInstantApps="true" />
197-->[com.google.android.gms:play-services-auth:19.2.0] AndroidManifest.xml:37:13-48
198
199        <activity
199-->[com.google.android.gms:play-services-base:17.5.0] AndroidManifest.xml:23:9-26:75
200            android:name="com.google.android.gms.common.api.GoogleApiActivity"
200-->[com.google.android.gms:play-services-base:17.5.0] AndroidManifest.xml:24:13-79
201            android:exported="false"
201-->[com.google.android.gms:play-services-base:17.5.0] AndroidManifest.xml:25:13-37
202            android:theme="@android:style/Theme.Translucent.NoTitleBar" />
202-->[com.google.android.gms:play-services-base:17.5.0] AndroidManifest.xml:26:13-72
203
204        <provider
204-->[com.google.firebase:firebase-common:20.0.0] AndroidManifest.xml:26:9-31:39
205            android:name="com.google.firebase.provider.FirebaseInitProvider"
205-->[com.google.firebase:firebase-common:20.0.0] AndroidManifest.xml:27:13-77
206            android:authorities="com.google.firebase.example.fireeats.firebaseinitprovider"
206-->[com.google.firebase:firebase-common:20.0.0] AndroidManifest.xml:28:13-72
207            android:directBootAware="true"
207-->[com.google.firebase:firebase-common:20.0.0] AndroidManifest.xml:29:13-43
208            android:exported="false"
208-->[com.google.firebase:firebase-common:20.0.0] AndroidManifest.xml:30:13-37
209            android:initOrder="100" />
209-->[com.google.firebase:firebase-common:20.0.0] AndroidManifest.xml:31:13-36
210        <provider
210-->[androidx.lifecycle:lifecycle-process:2.2.0] AndroidManifest.xml:25:9-29:43
211            android:name="androidx.lifecycle.ProcessLifecycleOwnerInitializer"
211-->[androidx.lifecycle:lifecycle-process:2.2.0] AndroidManifest.xml:26:13-79
212            android:authorities="com.google.firebase.example.fireeats.lifecycle-process"
212-->[androidx.lifecycle:lifecycle-process:2.2.0] AndroidManifest.xml:27:13-69
213            android:exported="false"
213-->[androidx.lifecycle:lifecycle-process:2.2.0] AndroidManifest.xml:28:13-37
214            android:multiprocess="true" />
214-->[androidx.lifecycle:lifecycle-process:2.2.0] AndroidManifest.xml:29:13-40
215    </application>
216
217</manifest>